<?xml version="1.0" encoding="UTF-8"?>
<coverage generated="1659998581666" clover="3.2.0">
  <project timestamp="1659998581666" name="All files">
    <metrics statements="14" coveredstatements="14" conditionals="2" coveredconditionals="2" methods="9" coveredmethods="9" elements="25" coveredelements="25" complexity="0" loc="14" ncloc="14" packages="1" files="2" classes="2"/>
    <file name="Account.ts" path="/home/wesleysantos/Área de Trabalho/scripts/RiskManagement/src/domain/Account.ts">
      <metrics statements="6" coveredstatements="6" conditionals="0" coveredconditionals="0" methods="5" coveredmethods="5"/>
      <line num="3" count="1" type="stmt"/>
      <line num="4" count="2" type="stmt"/>
      <line num="5" count="2" type="stmt"/>
      <line num="7" count="1" type="stmt"/>
      <line num="8" count="2" type="stmt"/>
      <line num="11" count="2" type="stmt"/>
    </file>
    <file name="Wallet.ts" path="/home/wesleysantos/Área de Trabalho/scripts/RiskManagement/src/domain/Wallet.ts">
      <metrics statements="8" coveredstatements="8" conditionals="2" coveredconditionals="2" methods="4" coveredmethods="4"/>
      <line num="1" count="2" type="stmt"/>
      <line num="5" count="6" type="cond" truecount="1" falsecount="0"/>
      <line num="6" count="6" type="stmt"/>
      <line num="7" count="6" type="stmt"/>
      <line num="10" count="3" type="stmt"/>
      <line num="13" count="2" type="cond" truecount="1" falsecount="0"/>
      <line num="14" count="1" type="stmt"/>
      <line num="18" count="1" type="stmt"/>
    </file>
  </project>
</coverage>
