{"/home/wesleysantos/Área de Trabalho/scripts/RiskManagement/src/domain/Account.ts": {"path":"/home/wesleysantos/Área de Trabalho/scripts/RiskManagement/src/domain/Account.ts","statementMap":{"0":{"start":{"line":5,"column":25},"end":{"line":5,"column":35}},"1":{"start":{"line":5,"column":46},"end":{"line":5,"column":65}},"2":{"start":{"line":4,"column":12},"end":{"line":4,"column":35}},"3":{"start":{"line":7,"column":17},"end":{"line":7,"column":41}},"4":{"start":{"line":8,"column":20},"end":{"line":8,"column":40}},"5":{"start":{"line":11,"column":8},"end":{"line":11,"column":57}},"6":{"start":{"line":11,"column":30},"end":{"line":11,"column":55}},"7":{"start":{"line":3,"column":0},"end":{"line":3,"column":21}}},"fnMap":{"0":{"name":"(anonymous_0)","decl":{"start":{"line":5,"column":4},"end":{"line":5,"column":25}},"loc":{"start":{"line":5,"column":65},"end":{"line":5,"column":69}}},"1":{"name":"(anonymous_1)","decl":{"start":{"line":7,"column":4},"end":{"line":7,"column":8}},"loc":{"start":{"line":7,"column":12},"end":{"line":7,"column":42}}},"2":{"name":"(anonymous_2)","decl":{"start":{"line":8,"column":4},"end":{"line":8,"column":8}},"loc":{"start":{"line":8,"column":15},"end":{"line":8,"column":41}}},"3":{"name":"(anonymous_3)","decl":{"start":{"line":10,"column":4},"end":{"line":10,"column":14}},"loc":{"start":{"line":10,"column":32},"end":{"line":12,"column":5}}},"4":{"name":"(anonymous_4)","decl":{"start":{"line":11,"column":20},"end":{"line":11,"column":26}},"loc":{"start":{"line":11,"column":30},"end":{"line":11,"column":55}}}},"branchMap":{},"s":{"0":2,"1":2,"2":2,"3":1,"4":2,"5":1,"6":2,"7":1},"f":{"0":2,"1":1,"2":2,"3":1,"4":2},"b":{}}
,"/home/wesleysantos/Área de Trabalho/scripts/RiskManagement/src/domain/Gale.ts": {"path":"/home/wesleysantos/Área de Trabalho/scripts/RiskManagement/src/domain/Gale.ts","statementMap":{"0":{"start":{"line":6,"column":25},"end":{"line":6,"column":39}},"1":{"start":{"line":2,"column":12},"end":{"line":2,"column":42}},"2":{"start":{"line":3,"column":12},"end":{"line":3,"column":27}},"3":{"start":{"line":4,"column":12},"end":{"line":4,"column":45}},"4":{"start":{"line":9,"column":8},"end":{"line":9,"column":80}},"5":{"start":{"line":9,"column":33},"end":{"line":9,"column":80}},"6":{"start":{"line":10,"column":8},"end":{"line":10,"column":null}},"7":{"start":{"line":10,"column":42},"end":{"line":10,"column":null}},"8":{"start":{"line":11,"column":33},"end":{"line":11,"column":80}},"9":{"start":{"line":12,"column":8},"end":{"line":12,"column":32}},"10":{"start":{"line":16,"column":8},"end":{"line":16,"column":36}},"11":{"start":{"line":20,"column":8},"end":{"line":22,"column":null}},"12":{"start":{"line":26,"column":8},"end":{"line":26,"column":46}},"13":{"start":{"line":26,"column":34},"end":{"line":26,"column":46}},"14":{"start":{"line":27,"column":8},"end":{"line":27,"column":62}},"15":{"start":{"line":1,"column":0},"end":{"line":1,"column":21}}},"fnMap":{"0":{"name":"(anonymous_0)","decl":{"start":{"line":6,"column":4},"end":{"line":6,"column":25}},"loc":{"start":{"line":6,"column":39},"end":{"line":6,"column":43}}},"1":{"name":"(anonymous_1)","decl":{"start":{"line":8,"column":4},"end":{"line":8,"column":13}},"loc":{"start":{"line":8,"column":37},"end":{"line":13,"column":5}}},"2":{"name":"(anonymous_2)","decl":{"start":{"line":15,"column":4},"end":{"line":15,"column":11}},"loc":{"start":{"line":15,"column":11},"end":{"line":17,"column":5}}},"3":{"name":"(anonymous_3)","decl":{"start":{"line":19,"column":12},"end":{"line":19,"column":33}},"loc":{"start":{"line":19,"column":33},"end":{"line":23,"column":5}}},"4":{"name":"(anonymous_4)","decl":{"start":{"line":25,"column":12},"end":{"line":25,"column":24}},"loc":{"start":{"line":25,"column":24},"end":{"line":28,"column":5}}}},"branchMap":{"0":{"loc":{"start":{"line":9,"column":8},"end":{"line":9,"column":80}},"type":"if","locations":[{"start":{"line":9,"column":8},"end":{"line":9,"column":80}}]},"1":{"loc":{"start":{"line":10,"column":8},"end":{"line":10,"column":null}},"type":"if","locations":[{"start":{"line":10,"column":8},"end":{"line":10,"column":null}}]},"2":{"loc":{"start":{"line":20,"column":15},"end":{"line":22,"column":110}},"type":"cond-expr","locations":[{"start":{"line":21,"column":16},"end":{"line":21,"column":73}},{"start":{"line":22,"column":16},"end":{"line":22,"column":110}}]},"3":{"loc":{"start":{"line":26,"column":8},"end":{"line":26,"column":46}},"type":"if","locations":[{"start":{"line":26,"column":8},"end":{"line":26,"column":46}}]}},"s":{"0":5,"1":5,"2":5,"3":5,"4":4,"5":1,"6":3,"7":1,"8":2,"9":2,"10":2,"11":3,"12":4,"13":2,"14":2,"15":1},"f":{"0":5,"1":4,"2":2,"3":3,"4":4},"b":{"0":[1],"1":[1],"2":[1,2],"3":[2]}}
,"/home/wesleysantos/Área de Trabalho/scripts/RiskManagement/src/domain/Wallet.ts": {"path":"/home/wesleysantos/Área de Trabalho/scripts/RiskManagement/src/domain/Wallet.ts","statementMap":{"0":{"start":{"line":5,"column":25},"end":{"line":5,"column":35}},"1":{"start":{"line":6,"column":8},"end":{"line":6,"column":21}},"2":{"start":{"line":7,"column":8},"end":{"line":7,"column":31}},"3":{"start":{"line":10,"column":20},"end":{"line":10,"column":40}},"4":{"start":{"line":13,"column":8},"end":{"line":13,"column":null}},"5":{"start":{"line":13,"column":34},"end":{"line":13,"column":null}},"6":{"start":{"line":14,"column":8},"end":{"line":14,"column":31}},"7":{"start":{"line":18,"column":8},"end":{"line":18,"column":31}},"8":{"start":{"line":1,"column":0},"end":{"line":1,"column":21}}},"fnMap":{"0":{"name":"(anonymous_0)","decl":{"start":{"line":5,"column":4},"end":{"line":5,"column":25}},"loc":{"start":{"line":5,"column":56},"end":{"line":8,"column":5}}},"1":{"name":"(anonymous_1)","decl":{"start":{"line":10,"column":4},"end":{"line":10,"column":8}},"loc":{"start":{"line":10,"column":15},"end":{"line":10,"column":41}}},"2":{"name":"(anonymous_2)","decl":{"start":{"line":12,"column":4},"end":{"line":12,"column":7}},"loc":{"start":{"line":12,"column":22},"end":{"line":15,"column":5}}},"3":{"name":"(anonymous_3)","decl":{"start":{"line":17,"column":4},"end":{"line":17,"column":11}},"loc":{"start":{"line":17,"column":26},"end":{"line":19,"column":5}}}},"branchMap":{"0":{"loc":{"start":{"line":5,"column":37},"end":{"line":5,"column":56}},"type":"default-arg","locations":[{"start":{"line":5,"column":55},"end":{"line":5,"column":56}}]},"1":{"loc":{"start":{"line":13,"column":8},"end":{"line":13,"column":null}},"type":"if","locations":[{"start":{"line":13,"column":8},"end":{"line":13,"column":null}}]}},"s":{"0":6,"1":6,"2":6,"3":3,"4":2,"5":1,"6":1,"7":1,"8":2},"f":{"0":6,"1":3,"2":2,"3":1},"b":{"0":[3],"1":[1]}}
}
