TN:
SF:src/domain/Account.ts
FN:5,(anonymous_0)
FN:7,(anonymous_1)
FN:8,(anonymous_2)
FN:10,(anonymous_3)
FN:11,(anonymous_4)
FNF:5
FNH:5
FNDA:2,(anonymous_0)
FNDA:1,(anonymous_1)
FNDA:2,(anonymous_2)
FNDA:1,(anonymous_3)
FNDA:2,(anonymous_4)
DA:3,1
DA:4,2
DA:5,2
DA:7,1
DA:8,2
DA:11,2
LF:6
LH:6
BRF:0
BRH:0
end_of_record
TN:
SF:src/domain/Gale.ts
FN:6,(anonymous_0)
FN:8,(anonymous_1)
FN:15,(anonymous_2)
FN:19,(anonymous_3)
FN:25,(anonymous_4)
FNF:5
FNH:5
FNDA:5,(anonymous_0)
FNDA:4,(anonymous_1)
FNDA:2,(anonymous_2)
FNDA:3,(anonymous_3)
FNDA:4,(anonymous_4)
DA:1,1
DA:2,5
DA:3,5
DA:4,5
DA:6,5
DA:9,4
DA:10,3
DA:11,2
DA:12,2
DA:16,2
DA:20,3
DA:26,4
DA:27,2
LF:13
LH:13
BRDA:9,0,0,1
BRDA:10,1,0,1
BRDA:20,2,0,1
BRDA:20,2,1,2
BRDA:26,3,0,2
BRF:5
BRH:5
end_of_record
TN:
SF:src/domain/Wallet.ts
FN:5,(anonymous_0)
FN:10,(anonymous_1)
FN:12,(anonymous_2)
FN:17,(anonymous_3)
FNF:4
FNH:4
FNDA:6,(anonymous_0)
FNDA:3,(anonymous_1)
FNDA:2,(anonymous_2)
FNDA:1,(anonymous_3)
DA:1,2
DA:5,6
DA:6,6
DA:7,6
DA:10,3
DA:13,2
DA:14,1
DA:18,1
LF:8
LH:8
BRDA:5,0,0,3
BRDA:13,1,0,1
BRF:2
BRH:2
end_of_record
